<?xml version="1.0" encoding="UTF-8"?>
<testsuite xmlns:xsi="http://www.w3.org/2001/XMLSchema-instance" xsi:noNamespaceSchemaLocation="https://maven.apache.org/surefire/maven-surefire-plugin/xsd/surefire-test-report-3.0.xsd" version="3.0" name="com.blue.task_service.TaskServiceApplicationTests" time="72.31" tests="1" errors="0" skipped="0" failures="0">
  <properties>
[...]
</properties>
  <testcase name="contextLoads" classname="com.blue.task_service.TaskServiceApplicationTests" time="6.423">
    <system-out><![CDATA[18:43:03.982 [main] INFO org.springframework.test.context.support.AnnotationConfigContextLoaderUtils -- Could not detect default configuration classes for test class [com.blue.task_service.TaskServiceApplicationTests]: TaskServiceApplicationTests does not declare any static, non-private, non-final, nested classes annotated with @Configuration.
18:43:04.431 [main] INFO org.springframework.boot.test.context.SpringBootTestContextBootstrapper -- Found @SpringBootConfiguration com.blue.task_service.TaskServiceApplication for test class com.blue.task_service.TaskServiceApplicationTests

  .   ____          _            __ _ _
 /\\ / ___'_ __ _ _(_)_ __  __ _ \ \ \ \
( ( )\___ | '_ | '_| | '_ \/ _` | \ \ \ \
 \\/  ___)| |_)| | | | | || (_| |  ) ) ) )
  '  |____| .__|_| |_|_| |_\__, | / / / /
 =========|_|==============|___/=/_/_/_/

 :: Spring Boot ::                (v3.3.1)

2024-08-01T18:43:18.253+05:30  WARN 24692 --- [task-service] [           main] ory$DuplicateJsonObjectContextCustomizer : 

Found multiple occurrences of org.json.JSONObject on the class path:

	jar:file:/C:/Users/admin/.m2/repository/com/vaadin/external/google/android-json/0.0.20131108.vaadin1/android-json-0.0.20131108.vaadin1.jar!/org/json/JSONObject.class
	jar:file:/C:/Users/admin/.m2/repository/org/json/json/20231013/json-20231013.jar!/org/json/JSONObject.class

You may wish to exclude one of them to ensure predictable runtime behavior

2024-08-01T18:43:18.402+05:30  INFO 24692 --- [task-service] [           main] c.b.t.TaskServiceApplicationTests        : Starting TaskServiceApplicationTests using Java 21.0.1 with PID 24692 (started by admin in C:\Users\admin\Todo-work-space\task-service\task_service)
2024-08-01T18:43:18.405+05:30  INFO 24692 --- [task-service] [           main] c.b.t.TaskServiceApplicationTests        : No active profile set, falling back to 1 default profile: "default"
2024-08-01T18:43:18.643+05:30  INFO 24692 --- [task-service] [           main] o.s.c.c.c.ConfigServerConfigDataLoader   : Fetching config from server at : http://localhost:9008
2024-08-01T18:43:18.644+05:30  INFO 24692 --- [task-service] [           main] o.s.c.c.c.ConfigServerConfigDataLoader   : Located environment: name=task-service, profiles=[default], label=null, version=85a1da06d3fa2fe689b6dd97e0d0542dbcf9996c, state=null
2024-08-01T18:43:28.086+05:30  INFO 24692 --- [task-service] [           main] .s.d.r.c.RepositoryConfigurationDelegate : Multiple Spring Data modules found, entering strict repository configuration mode
2024-08-01T18:43:28.092+05:30  INFO 24692 --- [task-service] [           main] .s.d.r.c.RepositoryConfigurationDelegate : Bootstrapping Spring Data JPA repositories in DEFAULT mode.
2024-08-01T18:43:29.845+05:30  INFO 24692 --- [task-service] [           main] .s.d.r.c.RepositoryConfigurationDelegate : Finished Spring Data repository scanning in 1525 ms. Found 1 JPA repository interface.
2024-08-01T18:43:29.973+05:30  INFO 24692 --- [task-service] [           main] .s.d.r.c.RepositoryConfigurationDelegate : Multiple Spring Data modules found, entering strict repository configuration mode
2024-08-01T18:43:29.979+05:30  INFO 24692 --- [task-service] [           main] .s.d.r.c.RepositoryConfigurationDelegate : Bootstrapping Spring Data Redis repositories in DEFAULT mode.
2024-08-01T18:43:30.084+05:30  INFO 24692 --- [task-service] [           main] .RepositoryConfigurationExtensionSupport : Spring Data Redis - Could not safely identify store assignment for repository candidate interface com.blue.task_service.repository.TaskRepository; If you want this repository to be a Redis repository, consider annotating your entities with one of these annotations: org.springframework.data.redis.core.RedisHash (preferred), or consider extending one of the following types with your repository: org.springframework.data.keyvalue.repository.KeyValueRepository
2024-08-01T18:43:30.086+05:30  INFO 24692 --- [task-service] [           main] .s.d.r.c.RepositoryConfigurationDelegate : Finished Spring Data repository scanning in 46 ms. Found 0 Redis repository interfaces.
2024-08-01T18:43:32.480+05:30  INFO 24692 --- [task-service] [           main] o.s.cloud.context.scope.GenericScope     : BeanFactory id=39b20157-6f6e-3c9c-b99a-731d31d6f870
2024-08-01T18:43:34.242+05:30  WARN 24692 --- [task-service] [           main] trationDelegate$BeanPostProcessorChecker : Bean 'org.springframework.cloud.client.loadbalancer.LoadBalancerAutoConfiguration$DeferringLoadBalancerInterceptorConfig' of type [org.springframework.cloud.client.loadbalancer.LoadBalancerAutoConfiguration$DeferringLoadBalancerInterceptorConfig] is not eligible for getting processed by all BeanPostProcessors (for example: not eligible for auto-proxying). The currently created BeanPostProcessor [lbRestClientPostProcessor] is declared through a non-static factory method on that class; consider declaring it as static instead.
2024-08-01T18:43:34.259+05:30  WARN 24692 --- [task-service] [           main] trationDelegate$BeanPostProcessorChecker : Bean 'deferringLoadBalancerInterceptor' of type [org.springframework.cloud.client.loadbalancer.DeferringLoadBalancerInterceptor] is not eligible for getting processed by all BeanPostProcessors (for example: not eligible for auto-proxying). Is this bean getting eagerly injected into a currently created BeanPostProcessor [lbRestClientPostProcessor]? Check the corresponding BeanPostProcessor declaration and its dependencies.
2024-08-01T18:43:37.067+05:30  INFO 24692 --- [task-service] [           main] o.hibernate.jpa.internal.util.LogHelper  : HHH000204: Processing PersistenceUnitInfo [name: default]
2024-08-01T18:43:38.017+05:30  INFO 24692 --- [task-service] [           main] org.hibernate.Version                    : HHH000412: Hibernate ORM core version 6.5.2.Final
2024-08-01T18:43:38.432+05:30  INFO 24692 --- [task-service] [           main] o.h.c.internal.RegionFactoryInitiator    : HHH000026: Second-level cache disabled
2024-08-01T18:43:43.842+05:30  INFO 24692 --- [task-service] [           main] o.s.o.j.p.SpringPersistenceUnitInfo      : No LoadTimeWeaver setup: ignoring JPA class transformer
2024-08-01T18:43:44.175+05:30  INFO 24692 --- [task-service] [           main] com.zaxxer.hikari.HikariDataSource       : HikariPool-1 - Starting...
2024-08-01T18:43:45.975+05:30  INFO 24692 --- [task-service] [           main] com.zaxxer.hikari.pool.HikariPool        : HikariPool-1 - Added connection org.postgresql.jdbc.PgConnection@75f2ff80
2024-08-01T18:43:45.985+05:30  INFO 24692 --- [task-service] [           main] com.zaxxer.hikari.HikariDataSource       : HikariPool-1 - Start completed.
2024-08-01T18:43:51.987+05:30  INFO 24692 --- [task-service] [           main] o.h.e.t.j.p.i.JtaPlatformInitiator       : HHH000489: No JTA platform available (set 'hibernate.transaction.jta.platform' to enable JTA platform integration)
2024-08-01T18:43:53.018+05:30  INFO 24692 --- [task-service] [           main] j.LocalContainerEntityManagerFactoryBean : Initialized JPA EntityManagerFactory for persistence unit 'default'
2024-08-01T18:43:58.310+05:30  WARN 24692 --- [task-service] [           main] JpaBaseConfiguration$JpaWebConfiguration : spring.jpa.open-in-view is enabled by default. Therefore, database queries may be performed during view rendering. Explicitly configure spring.jpa.open-in-view to disable this warning
2024-08-01T18:43:58.985+05:30  INFO 24692 --- [task-service] [           main] o.s.c.openfeign.FeignClientFactoryBean   : For 'notification-service' URL not provided. Will try picking an instance via load-balancing.
2024-08-01T18:43:59.439+05:30  INFO 24692 --- [task-service] [           main] o.s.c.openfeign.FeignClientFactoryBean   : For 'project-service' URL not provided. Will try picking an instance via load-balancing.
2024-08-01T18:44:05.472+05:30  INFO 24692 --- [task-service] [           main] DiscoveryClientOptionalArgsConfiguration : Eureka HTTP Client uses RestTemplate.
2024-08-01T18:44:05.668+05:30  WARN 24692 --- [task-service] [           main] iguration$LoadBalancerCaffeineWarnLogger : Spring Cloud LoadBalancer is currently working with the default cache. While this cache implementation is useful for development and tests, it's recommended to use Caffeine cache in production.You can switch to using Caffeine cache, by adding it and org.springframework.cache.caffeine.CaffeineCacheManager to the classpath.
2024-08-01T18:44:05.952+05:30  INFO 24692 --- [task-service] [           main] o.s.c.n.eureka.InstanceInfoFactory       : Setting initial instance status as: STARTING
2024-08-01T18:44:06.286+05:30  INFO 24692 --- [task-service] [           main] com.netflix.discovery.DiscoveryClient    : Initializing Eureka in region us-east-1
2024-08-01T18:44:06.312+05:30  INFO 24692 --- [task-service] [           main] c.n.d.s.r.aws.ConfigClusterResolver      : Resolving eureka endpoints via configuration
2024-08-01T18:44:06.388+05:30  INFO 24692 --- [task-service] [           main] com.netflix.discovery.DiscoveryClient    : Disable delta property : false
2024-08-01T18:44:06.389+05:30  INFO 24692 --- [task-service] [           main] com.netflix.discovery.DiscoveryClient    : Single vip registry refresh property : null
2024-08-01T18:44:06.389+05:30  INFO 24692 --- [task-service] [           main] com.netflix.discovery.DiscoveryClient    : Force full registry fetch : false
2024-08-01T18:44:06.390+05:30  INFO 24692 --- [task-service] [           main] com.netflix.discovery.DiscoveryClient    : Application is null : false
2024-08-01T18:44:06.390+05:30  INFO 24692 --- [task-service] [           main] com.netflix.discovery.DiscoveryClient    : Registered Applications size is zero : true
2024-08-01T18:44:06.390+05:30  INFO 24692 --- [task-service] [           main] com.netflix.discovery.DiscoveryClient    : Application version is -1: true
2024-08-01T18:44:06.391+05:30  INFO 24692 --- [task-service] [           main] com.netflix.discovery.DiscoveryClient    : Getting all instance registry info from the eureka server
2024-08-01T18:44:08.712+05:30  INFO 24692 --- [task-service] [           main] com.netflix.discovery.DiscoveryClient    : The response status is 200
2024-08-01T18:44:08.724+05:30  INFO 24692 --- [task-service] [           main] com.netflix.discovery.DiscoveryClient    : Starting heartbeat executor: renew interval is: 30
2024-08-01T18:44:08.746+05:30  INFO 24692 --- [task-service] [           main] c.n.discovery.InstanceInfoReplicator     : InstanceInfoReplicator onDemand update allowed rate per min is 4
2024-08-01T18:44:08.751+05:30  INFO 24692 --- [task-service] [           main] com.netflix.discovery.DiscoveryClient    : Discovery Client initialized at timestamp 1722518048750 with initial instances count: 6
2024-08-01T18:44:08.768+05:30  INFO 24692 --- [task-service] [           main] o.s.c.n.e.s.EurekaServiceRegistry        : Registering application TASK-SERVICE with eureka with status UP
2024-08-01T18:44:08.770+05:30  INFO 24692 --- [task-service] [           main] com.netflix.discovery.DiscoveryClient    : Saw local status change event StatusChangeEvent [timestamp=1722518048770, current=UP, previous=STARTING]
2024-08-01T18:44:08.776+05:30  INFO 24692 --- [task-service] [foReplicator-%d] com.netflix.discovery.DiscoveryClient    : DiscoveryClient_TASK-SERVICE/DESKTOP-EQOF7KT:task-service:9003: registering service...
2024-08-01T18:44:08.846+05:30  INFO 24692 --- [task-service] [           main] c.b.t.TaskServiceApplicationTests        : Started TaskServiceApplicationTests in 63.124 seconds (process running for 72.421)
2024-08-01T18:44:10.471+05:30  INFO 24692 --- [task-service] [foReplicator-%d] com.netflix.discovery.DiscoveryClient    : DiscoveryClient_TASK-SERVICE/DESKTOP-EQOF7KT:task-service:9003 - registration status: 204
Hibernate: select t1_0.id,t1_0.description,t1_0.expiry_time,t1_0.name,t1_0.project_id,t1_0.status,t1_0.user_id from task t1_0 where t1_0.status=?
[]
]]></system-out>
    <system-err><![CDATA[WARNING: A Java agent has been loaded dynamically (C:\Users\admin\.m2\repository\net\bytebuddy\byte-buddy-agent\1.14.17\byte-buddy-agent-1.14.17.jar)
WARNING: If a serviceability tool is in use, please run with -XX:+EnableDynamicAgentLoading to hide this warning
WARNING: If a serviceability tool is not in use, please run with -Djdk.instrument.traceUsage for more information
WARNING: Dynamic loading of agents will be disallowed by default in a future release
]]></system-err>
  </testcase>
</testsuite>